<?xml version="1.0" encoding="UTF-8"?>
<testsuite xmlns:xsi="http://www.w3.org/2001/XMLSchema-instance" xsi:noNamespaceSchemaLocation="https://maven.apache.org/surefire/maven-surefire-plugin/xsd/surefire-test-report.xsd" name="com.wangdifu.blog.BlogApplicationTests" time="0.047" tests="1" errors="1" skipped="0" failures="0">
  <properties>
    <property name="sun.desktop" value="windows"/>
    <property name="awt.toolkit" value="sun.awt.windows.WToolkit"/>
    <property name="file.encoding.pkg" value="sun.io"/>
    <property name="java.specification.version" value="1.8"/>
    <property name="sun.cpu.isalist" value="amd64"/>
    <property name="sun.jnu.encoding" value="GBK"/>
    <property name="java.class.path" value="F:\IdeaSpringBootProjects\blog\target\test-classes;F:\IdeaSpringBootProjects\blog\target\classes;D:\Program Files\Apache\repository\org\springframework\boot\spring-boot-starter-data-jpa\2.6.7\spring-boot-starter-data-jpa-2.6.7.jar;D:\Program Files\Apache\repository\org\springframework\boot\spring-boot-starter-jdbc\2.6.7\spring-boot-starter-jdbc-2.6.7.jar;D:\Program Files\Apache\repository\com\zaxxer\HikariCP\4.0.3\HikariCP-4.0.3.jar;D:\Program Files\Apache\repository\org\springframework\spring-jdbc\5.3.19\spring-jdbc-5.3.19.jar;D:\Program Files\Apache\repository\jakarta\transaction\jakarta.transaction-api\1.3.3\jakarta.transaction-api-1.3.3.jar;D:\Program Files\Apache\repository\jakarta\persistence\jakarta.persistence-api\2.2.3\jakarta.persistence-api-2.2.3.jar;D:\Program Files\Apache\repository\org\hibernate\hibernate-core\5.6.8.Final\hibernate-core-5.6.8.Final.jar;D:\Program Files\Apache\repository\net\bytebuddy\byte-buddy\1.11.22\byte-buddy-1.11.22.jar;D:\Program Files\Apache\repository\antlr\antlr\2.7.7\antlr-2.7.7.jar;D:\Program Files\Apache\repository\org\jboss\jandex\2.4.2.Final\jandex-2.4.2.Final.jar;D:\Program Files\Apache\repository\org\hibernate\common\hibernate-commons-annotations\5.1.2.Final\hibernate-commons-annotations-5.1.2.Final.jar;D:\Program Files\Apache\repository\org\glassfish\jaxb\jaxb-runtime\2.3.6\jaxb-runtime-2.3.6.jar;D:\Program Files\Apache\repository\org\glassfish\jaxb\txw2\2.3.6\txw2-2.3.6.jar;D:\Program Files\Apache\repository\com\sun\istack\istack-commons-runtime\3.0.12\istack-commons-runtime-3.0.12.jar;D:\Program Files\Apache\repository\com\sun\activation\jakarta.activation\1.2.2\jakarta.activation-1.2.2.jar;D:\Program Files\Apache\repository\org\springframework\data\spring-data-jpa\2.6.4\spring-data-jpa-2.6.4.jar;D:\Program Files\Apache\repository\org\springframework\data\spring-data-commons\2.6.4\spring-data-commons-2.6.4.jar;D:\Program Files\Apache\repository\org\springframework\spring-orm\5.3.19\spring-orm-5.3.19.jar;D:\Program Files\Apache\repository\org\springframework\spring-context\5.3.19\spring-context-5.3.19.jar;D:\Program Files\Apache\repository\org\springframework\spring-tx\5.3.19\spring-tx-5.3.19.jar;D:\Program Files\Apache\repository\org\springframework\spring-beans\5.3.19\spring-beans-5.3.19.jar;D:\Program Files\Apache\repository\org\slf4j\slf4j-api\1.7.36\slf4j-api-1.7.36.jar;D:\Program Files\Apache\repository\org\springframework\spring-aspects\5.3.19\spring-aspects-5.3.19.jar;D:\Program Files\Apache\repository\org\springframework\boot\spring-boot-starter-thymeleaf\2.6.7\spring-boot-starter-thymeleaf-2.6.7.jar;D:\Program Files\Apache\repository\org\springframework\boot\spring-boot-starter\2.6.7\spring-boot-starter-2.6.7.jar;D:\Program Files\Apache\repository\org\springframework\boot\spring-boot-starter-logging\2.6.7\spring-boot-starter-logging-2.6.7.jar;D:\Program Files\Apache\repository\ch\qos\logback\logback-classic\1.2.11\logback-classic-1.2.11.jar;D:\Program Files\Apache\repository\ch\qos\logback\logback-core\1.2.11\logback-core-1.2.11.jar;D:\Program Files\Apache\repository\org\apache\logging\log4j\log4j-to-slf4j\2.17.2\log4j-to-slf4j-2.17.2.jar;D:\Program Files\Apache\repository\org\apache\logging\log4j\log4j-api\2.17.2\log4j-api-2.17.2.jar;D:\Program Files\Apache\repository\org\slf4j\jul-to-slf4j\1.7.36\jul-to-slf4j-1.7.36.jar;D:\Program Files\Apache\repository\jakarta\annotation\jakarta.annotation-api\1.3.5\jakarta.annotation-api-1.3.5.jar;D:\Program Files\Apache\repository\org\yaml\snakeyaml\1.29\snakeyaml-1.29.jar;D:\Program Files\Apache\repository\org\thymeleaf\thymeleaf-spring5\3.0.15.RELEASE\thymeleaf-spring5-3.0.15.RELEASE.jar;D:\Program Files\Apache\repository\org\thymeleaf\thymeleaf\3.0.15.RELEASE\thymeleaf-3.0.15.RELEASE.jar;D:\Program Files\Apache\repository\org\attoparser\attoparser\2.0.5.RELEASE\attoparser-2.0.5.RELEASE.jar;D:\Program Files\Apache\repository\org\unbescape\unbescape\1.1.6.RELEASE\unbescape-1.1.6.RELEASE.jar;D:\Program Files\Apache\repository\org\thymeleaf\extras\thymeleaf-extras-java8time\3.0.4.RELEASE\thymeleaf-extras-java8time-3.0.4.RELEASE.jar;D:\Program Files\Apache\repository\org\springframework\boot\spring-boot-starter-web\2.6.7\spring-boot-starter-web-2.6.7.jar;D:\Program Files\Apache\repository\org\springframework\boot\spring-boot-starter-json\2.6.7\spring-boot-starter-json-2.6.7.jar;D:\Program Files\Apache\repository\com\fasterxml\jackson\core\jackson-databind\2.13.2.1\jackson-databind-2.13.2.1.jar;D:\Program Files\Apache\repository\com\fasterxml\jackson\core\jackson-annotations\2.13.2\jackson-annotations-2.13.2.jar;D:\Program Files\Apache\repository\com\fasterxml\jackson\core\jackson-core\2.13.2\jackson-core-2.13.2.jar;D:\Program Files\Apache\repository\com\fasterxml\jackson\datatype\jackson-datatype-jdk8\2.13.2\jackson-datatype-jdk8-2.13.2.jar;D:\Program Files\Apache\repository\com\fasterxml\jackson\datatype\jackson-datatype-jsr310\2.13.2\jackson-datatype-jsr310-2.13.2.jar;D:\Program Files\Apache\repository\com\fasterxml\jackson\module\jackson-module-parameter-names\2.13.2\jackson-module-parameter-names-2.13.2.jar;D:\Program Files\Apache\repository\org\springframework\boot\spring-boot-starter-tomcat\2.6.7\spring-boot-starter-tomcat-2.6.7.jar;D:\Program Files\Apache\repository\org\apache\tomcat\embed\tomcat-embed-core\9.0.62\tomcat-embed-core-9.0.62.jar;D:\Program Files\Apache\repository\org\apache\tomcat\embed\tomcat-embed-websocket\9.0.62\tomcat-embed-websocket-9.0.62.jar;D:\Program Files\Apache\repository\org\springframework\spring-web\5.3.19\spring-web-5.3.19.jar;D:\Program Files\Apache\repository\org\springframework\spring-webmvc\5.3.19\spring-webmvc-5.3.19.jar;D:\Program Files\Apache\repository\org\springframework\spring-expression\5.3.19\spring-expression-5.3.19.jar;D:\Program Files\Apache\repository\mysql\mysql-connector-java\8.0.28\mysql-connector-java-8.0.28.jar;D:\Program Files\Apache\repository\org\springframework\boot\spring-boot-starter-validation\2.6.7\spring-boot-starter-validation-2.6.7.jar;D:\Program Files\Apache\repository\org\apache\tomcat\embed\tomcat-embed-el\9.0.62\tomcat-embed-el-9.0.62.jar;D:\Program Files\Apache\repository\org\hibernate\validator\hibernate-validator\6.0.1.Final\hibernate-validator-6.0.1.Final.jar;D:\Program Files\Apache\repository\javax\validation\validation-api\2.0.1.Final\validation-api-2.0.1.Final.jar;D:\Program Files\Apache\repository\org\jboss\logging\jboss-logging\3.4.3.Final\jboss-logging-3.4.3.Final.jar;D:\Program Files\Apache\repository\com\fasterxml\classmate\1.5.1\classmate-1.5.1.jar;D:\Program Files\Apache\repository\org\commonmark\commonmark\0.18.1\commonmark-0.18.1.jar;D:\Program Files\Apache\repository\org\commonmark\commonmark-ext-gfm-tables\0.18.1\commonmark-ext-gfm-tables-0.18.1.jar;D:\Program Files\Apache\repository\org\commonmark\commonmark-ext-heading-anchor\0.18.1\commonmark-ext-heading-anchor-0.18.1.jar;D:\Program Files\Apache\repository\org\springframework\boot\spring-boot-starter-aop\2.6.7\spring-boot-starter-aop-2.6.7.jar;D:\Program Files\Apache\repository\org\springframework\spring-aop\5.3.19\spring-aop-5.3.19.jar;D:\Program Files\Apache\repository\org\aspectj\aspectjweaver\1.9.7\aspectjweaver-1.9.7.jar;D:\Program Files\Apache\repository\org\springframework\boot\spring-boot-devtools\2.6.7\spring-boot-devtools-2.6.7.jar;D:\Program Files\Apache\repository\org\springframework\boot\spring-boot\2.6.7\spring-boot-2.6.7.jar;D:\Program Files\Apache\repository\org\springframework\boot\spring-boot-autoconfigure\2.6.7\spring-boot-autoconfigure-2.6.7.jar;D:\Program Files\Apache\repository\org\springframework\boot\spring-boot-configuration-processor\2.6.7\spring-boot-configuration-processor-2.6.7.jar;D:\Program Files\Apache\repository\org\projectlombok\lombok\1.18.24\lombok-1.18.24.jar;D:\Program Files\Apache\repository\org\springframework\boot\spring-boot-starter-test\2.6.7\spring-boot-starter-test-2.6.7.jar;D:\Program Files\Apache\repository\org\springframework\boot\spring-boot-test\2.6.7\spring-boot-test-2.6.7.jar;D:\Program Files\Apache\repository\org\springframework\boot\spring-boot-test-autoconfigure\2.6.7\spring-boot-test-autoconfigure-2.6.7.jar;D:\Program Files\Apache\repository\com\jayway\jsonpath\json-path\2.6.0\json-path-2.6.0.jar;D:\Program Files\Apache\repository\net\minidev\json-smart\2.4.8\json-smart-2.4.8.jar;D:\Program Files\Apache\repository\net\minidev\accessors-smart\2.4.8\accessors-smart-2.4.8.jar;D:\Program Files\Apache\repository\org\ow2\asm\asm\9.1\asm-9.1.jar;D:\Program Files\Apache\repository\jakarta\xml\bind\jakarta.xml.bind-api\2.3.3\jakarta.xml.bind-api-2.3.3.jar;D:\Program Files\Apache\repository\jakarta\activation\jakarta.activation-api\1.2.2\jakarta.activation-api-1.2.2.jar;D:\Program Files\Apache\repository\org\assertj\assertj-core\3.21.0\assertj-core-3.21.0.jar;D:\Program Files\Apache\repository\org\hamcrest\hamcrest\2.2\hamcrest-2.2.jar;D:\Program Files\Apache\repository\org\junit\jupiter\junit-jupiter\5.8.2\junit-jupiter-5.8.2.jar;D:\Program Files\Apache\repository\org\junit\jupiter\junit-jupiter-api\5.8.2\junit-jupiter-api-5.8.2.jar;D:\Program Files\Apache\repository\org\opentest4j\opentest4j\1.2.0\opentest4j-1.2.0.jar;D:\Program Files\Apache\repository\org\junit\platform\junit-platform-commons\1.8.2\junit-platform-commons-1.8.2.jar;D:\Program Files\Apache\repository\org\apiguardian\apiguardian-api\1.1.2\apiguardian-api-1.1.2.jar;D:\Program Files\Apache\repository\org\junit\jupiter\junit-jupiter-params\5.8.2\junit-jupiter-params-5.8.2.jar;D:\Program Files\Apache\repository\org\junit\jupiter\junit-jupiter-engine\5.8.2\junit-jupiter-engine-5.8.2.jar;D:\Program Files\Apache\repository\org\junit\platform\junit-platform-engine\1.8.2\junit-platform-engine-1.8.2.jar;D:\Program Files\Apache\repository\org\mockito\mockito-core\4.0.0\mockito-core-4.0.0.jar;D:\Program Files\Apache\repository\net\bytebuddy\byte-buddy-agent\1.11.22\byte-buddy-agent-1.11.22.jar;D:\Program Files\Apache\repository\org\objenesis\objenesis\3.2\objenesis-3.2.jar;D:\Program Files\Apache\repository\org\mockito\mockito-junit-jupiter\4.0.0\mockito-junit-jupiter-4.0.0.jar;D:\Program Files\Apache\repository\org\skyscreamer\jsonassert\1.5.0\jsonassert-1.5.0.jar;D:\Program Files\Apache\repository\com\vaadin\external\google\android-json\0.0.20131108.vaadin1\android-json-0.0.20131108.vaadin1.jar;D:\Program Files\Apache\repository\org\springframework\spring-core\5.3.19\spring-core-5.3.19.jar;D:\Program Files\Apache\repository\org\springframework\spring-jcl\5.3.19\spring-jcl-5.3.19.jar;D:\Program Files\Apache\repository\org\springframework\spring-test\5.3.19\spring-test-5.3.19.jar;D:\Program Files\Apache\repository\org\xmlunit\xmlunit-core\2.8.4\xmlunit-core-2.8.4.jar;"/>
    <property name="java.vm.vendor" value="Oracle Corporation"/>
    <property name="sun.arch.data.model" value="64"/>
    <property name="user.variant" value=""/>
    <property name="java.vendor.url" value="http://java.oracle.com/"/>
    <property name="user.timezone" value="Asia/Shanghai"/>
    <property name="java.vm.specification.version" value="1.8"/>
    <property name="os.name" value="Windows 10"/>
    <property name="user.country" value="CN"/>
    <property name="sun.java.launcher" value="SUN_STANDARD"/>
    <property name="sun.boot.library.path" value="C:\Program Files\Java\jdk1.8.0_121\jre\bin"/>
    <property name="sun.java.command" value="C:\Users\Lenovo\AppData\Local\Temp\surefire2583330837587728236\surefirebooter3144975426411503936.jar C:\Users\Lenovo\AppData\Local\Temp\surefire2583330837587728236 2022-10-16T00-44-09_878-jvmRun1 surefire7126034490426119032tmp surefire_05581528207749852707tmp"/>
    <property name="surefire.test.class.path" value="F:\IdeaSpringBootProjects\blog\target\test-classes;F:\IdeaSpringBootProjects\blog\target\classes;D:\Program Files\Apache\repository\org\springframework\boot\spring-boot-starter-data-jpa\2.6.7\spring-boot-starter-data-jpa-2.6.7.jar;D:\Program Files\Apache\repository\org\springframework\boot\spring-boot-starter-jdbc\2.6.7\spring-boot-starter-jdbc-2.6.7.jar;D:\Program Files\Apache\repository\com\zaxxer\HikariCP\4.0.3\HikariCP-4.0.3.jar;D:\Program Files\Apache\repository\org\springframework\spring-jdbc\5.3.19\spring-jdbc-5.3.19.jar;D:\Program Files\Apache\repository\jakarta\transaction\jakarta.transaction-api\1.3.3\jakarta.transaction-api-1.3.3.jar;D:\Program Files\Apache\repository\jakarta\persistence\jakarta.persistence-api\2.2.3\jakarta.persistence-api-2.2.3.jar;D:\Program Files\Apache\repository\org\hibernate\hibernate-core\5.6.8.Final\hibernate-core-5.6.8.Final.jar;D:\Program Files\Apache\repository\net\bytebuddy\byte-buddy\1.11.22\byte-buddy-1.11.22.jar;D:\Program Files\Apache\repository\antlr\antlr\2.7.7\antlr-2.7.7.jar;D:\Program Files\Apache\repository\org\jboss\jandex\2.4.2.Final\jandex-2.4.2.Final.jar;D:\Program Files\Apache\repository\org\hibernate\common\hibernate-commons-annotations\5.1.2.Final\hibernate-commons-annotations-5.1.2.Final.jar;D:\Program Files\Apache\repository\org\glassfish\jaxb\jaxb-runtime\2.3.6\jaxb-runtime-2.3.6.jar;D:\Program Files\Apache\repository\org\glassfish\jaxb\txw2\2.3.6\txw2-2.3.6.jar;D:\Program Files\Apache\repository\com\sun\istack\istack-commons-runtime\3.0.12\istack-commons-runtime-3.0.12.jar;D:\Program Files\Apache\repository\com\sun\activation\jakarta.activation\1.2.2\jakarta.activation-1.2.2.jar;D:\Program Files\Apache\repository\org\springframework\data\spring-data-jpa\2.6.4\spring-data-jpa-2.6.4.jar;D:\Program Files\Apache\repository\org\springframework\data\spring-data-commons\2.6.4\spring-data-commons-2.6.4.jar;D:\Program Files\Apache\repository\org\springframework\spring-orm\5.3.19\spring-orm-5.3.19.jar;D:\Program Files\Apache\repository\org\springframework\spring-context\5.3.19\spring-context-5.3.19.jar;D:\Program Files\Apache\repository\org\springframework\spring-tx\5.3.19\spring-tx-5.3.19.jar;D:\Program Files\Apache\repository\org\springframework\spring-beans\5.3.19\spring-beans-5.3.19.jar;D:\Program Files\Apache\repository\org\slf4j\slf4j-api\1.7.36\slf4j-api-1.7.36.jar;D:\Program Files\Apache\repository\org\springframework\spring-aspects\5.3.19\spring-aspects-5.3.19.jar;D:\Program Files\Apache\repository\org\springframework\boot\spring-boot-starter-thymeleaf\2.6.7\spring-boot-starter-thymeleaf-2.6.7.jar;D:\Program Files\Apache\repository\org\springframework\boot\spring-boot-starter\2.6.7\spring-boot-starter-2.6.7.jar;D:\Program Files\Apache\repository\org\springframework\boot\spring-boot-starter-logging\2.6.7\spring-boot-starter-logging-2.6.7.jar;D:\Program Files\Apache\repository\ch\qos\logback\logback-classic\1.2.11\logback-classic-1.2.11.jar;D:\Program Files\Apache\repository\ch\qos\logback\logback-core\1.2.11\logback-core-1.2.11.jar;D:\Program Files\Apache\repository\org\apache\logging\log4j\log4j-to-slf4j\2.17.2\log4j-to-slf4j-2.17.2.jar;D:\Program Files\Apache\repository\org\apache\logging\log4j\log4j-api\2.17.2\log4j-api-2.17.2.jar;D:\Program Files\Apache\repository\org\slf4j\jul-to-slf4j\1.7.36\jul-to-slf4j-1.7.36.jar;D:\Program Files\Apache\repository\jakarta\annotation\jakarta.annotation-api\1.3.5\jakarta.annotation-api-1.3.5.jar;D:\Program Files\Apache\repository\org\yaml\snakeyaml\1.29\snakeyaml-1.29.jar;D:\Program Files\Apache\repository\org\thymeleaf\thymeleaf-spring5\3.0.15.RELEASE\thymeleaf-spring5-3.0.15.RELEASE.jar;D:\Program Files\Apache\repository\org\thymeleaf\thymeleaf\3.0.15.RELEASE\thymeleaf-3.0.15.RELEASE.jar;D:\Program Files\Apache\repository\org\attoparser\attoparser\2.0.5.RELEASE\attoparser-2.0.5.RELEASE.jar;D:\Program Files\Apache\repository\org\unbescape\unbescape\1.1.6.RELEASE\unbescape-1.1.6.RELEASE.jar;D:\Program Files\Apache\repository\org\thymeleaf\extras\thymeleaf-extras-java8time\3.0.4.RELEASE\thymeleaf-extras-java8time-3.0.4.RELEASE.jar;D:\Program Files\Apache\repository\org\springframework\boot\spring-boot-starter-web\2.6.7\spring-boot-starter-web-2.6.7.jar;D:\Program Files\Apache\repository\org\springframework\boot\spring-boot-starter-json\2.6.7\spring-boot-starter-json-2.6.7.jar;D:\Program Files\Apache\repository\com\fasterxml\jackson\core\jackson-databind\2.13.2.1\jackson-databind-2.13.2.1.jar;D:\Program Files\Apache\repository\com\fasterxml\jackson\core\jackson-annotations\2.13.2\jackson-annotations-2.13.2.jar;D:\Program Files\Apache\repository\com\fasterxml\jackson\core\jackson-core\2.13.2\jackson-core-2.13.2.jar;D:\Program Files\Apache\repository\com\fasterxml\jackson\datatype\jackson-datatype-jdk8\2.13.2\jackson-datatype-jdk8-2.13.2.jar;D:\Program Files\Apache\repository\com\fasterxml\jackson\datatype\jackson-datatype-jsr310\2.13.2\jackson-datatype-jsr310-2.13.2.jar;D:\Program Files\Apache\repository\com\fasterxml\jackson\module\jackson-module-parameter-names\2.13.2\jackson-module-parameter-names-2.13.2.jar;D:\Program Files\Apache\repository\org\springframework\boot\spring-boot-starter-tomcat\2.6.7\spring-boot-starter-tomcat-2.6.7.jar;D:\Program Files\Apache\repository\org\apache\tomcat\embed\tomcat-embed-core\9.0.62\tomcat-embed-core-9.0.62.jar;D:\Program Files\Apache\repository\org\apache\tomcat\embed\tomcat-embed-websocket\9.0.62\tomcat-embed-websocket-9.0.62.jar;D:\Program Files\Apache\repository\org\springframework\spring-web\5.3.19\spring-web-5.3.19.jar;D:\Program Files\Apache\repository\org\springframework\spring-webmvc\5.3.19\spring-webmvc-5.3.19.jar;D:\Program Files\Apache\repository\org\springframework\spring-expression\5.3.19\spring-expression-5.3.19.jar;D:\Program Files\Apache\repository\mysql\mysql-connector-java\8.0.28\mysql-connector-java-8.0.28.jar;D:\Program Files\Apache\repository\org\springframework\boot\spring-boot-starter-validation\2.6.7\spring-boot-starter-validation-2.6.7.jar;D:\Program Files\Apache\repository\org\apache\tomcat\embed\tomcat-embed-el\9.0.62\tomcat-embed-el-9.0.62.jar;D:\Program Files\Apache\repository\org\hibernate\validator\hibernate-validator\6.0.1.Final\hibernate-validator-6.0.1.Final.jar;D:\Program Files\Apache\repository\javax\validation\validation-api\2.0.1.Final\validation-api-2.0.1.Final.jar;D:\Program Files\Apache\repository\org\jboss\logging\jboss-logging\3.4.3.Final\jboss-logging-3.4.3.Final.jar;D:\Program Files\Apache\repository\com\fasterxml\classmate\1.5.1\classmate-1.5.1.jar;D:\Program Files\Apache\repository\org\commonmark\commonmark\0.18.1\commonmark-0.18.1.jar;D:\Program Files\Apache\repository\org\commonmark\commonmark-ext-gfm-tables\0.18.1\commonmark-ext-gfm-tables-0.18.1.jar;D:\Program Files\Apache\repository\org\commonmark\commonmark-ext-heading-anchor\0.18.1\commonmark-ext-heading-anchor-0.18.1.jar;D:\Program Files\Apache\repository\org\springframework\boot\spring-boot-starter-aop\2.6.7\spring-boot-starter-aop-2.6.7.jar;D:\Program Files\Apache\repository\org\springframework\spring-aop\5.3.19\spring-aop-5.3.19.jar;D:\Program Files\Apache\repository\org\aspectj\aspectjweaver\1.9.7\aspectjweaver-1.9.7.jar;D:\Program Files\Apache\repository\org\springframework\boot\spring-boot-devtools\2.6.7\spring-boot-devtools-2.6.7.jar;D:\Program Files\Apache\repository\org\springframework\boot\spring-boot\2.6.7\spring-boot-2.6.7.jar;D:\Program Files\Apache\repository\org\springframework\boot\spring-boot-autoconfigure\2.6.7\spring-boot-autoconfigure-2.6.7.jar;D:\Program Files\Apache\repository\org\springframework\boot\spring-boot-configuration-processor\2.6.7\spring-boot-configuration-processor-2.6.7.jar;D:\Program Files\Apache\repository\org\projectlombok\lombok\1.18.24\lombok-1.18.24.jar;D:\Program Files\Apache\repository\org\springframework\boot\spring-boot-starter-test\2.6.7\spring-boot-starter-test-2.6.7.jar;D:\Program Files\Apache\repository\org\springframework\boot\spring-boot-test\2.6.7\spring-boot-test-2.6.7.jar;D:\Program Files\Apache\repository\org\springframework\boot\spring-boot-test-autoconfigure\2.6.7\spring-boot-test-autoconfigure-2.6.7.jar;D:\Program Files\Apache\repository\com\jayway\jsonpath\json-path\2.6.0\json-path-2.6.0.jar;D:\Program Files\Apache\repository\net\minidev\json-smart\2.4.8\json-smart-2.4.8.jar;D:\Program Files\Apache\repository\net\minidev\accessors-smart\2.4.8\accessors-smart-2.4.8.jar;D:\Program Files\Apache\repository\org\ow2\asm\asm\9.1\asm-9.1.jar;D:\Program Files\Apache\repository\jakarta\xml\bind\jakarta.xml.bind-api\2.3.3\jakarta.xml.bind-api-2.3.3.jar;D:\Program Files\Apache\repository\jakarta\activation\jakarta.activation-api\1.2.2\jakarta.activation-api-1.2.2.jar;D:\Program Files\Apache\repository\org\assertj\assertj-core\3.21.0\assertj-core-3.21.0.jar;D:\Program Files\Apache\repository\org\hamcrest\hamcrest\2.2\hamcrest-2.2.jar;D:\Program Files\Apache\repository\org\junit\jupiter\junit-jupiter\5.8.2\junit-jupiter-5.8.2.jar;D:\Program Files\Apache\repository\org\junit\jupiter\junit-jupiter-api\5.8.2\junit-jupiter-api-5.8.2.jar;D:\Program Files\Apache\repository\org\opentest4j\opentest4j\1.2.0\opentest4j-1.2.0.jar;D:\Program Files\Apache\repository\org\junit\platform\junit-platform-commons\1.8.2\junit-platform-commons-1.8.2.jar;D:\Program Files\Apache\repository\org\apiguardian\apiguardian-api\1.1.2\apiguardian-api-1.1.2.jar;D:\Program Files\Apache\repository\org\junit\jupiter\junit-jupiter-params\5.8.2\junit-jupiter-params-5.8.2.jar;D:\Program Files\Apache\repository\org\junit\jupiter\junit-jupiter-engine\5.8.2\junit-jupiter-engine-5.8.2.jar;D:\Program Files\Apache\repository\org\junit\platform\junit-platform-engine\1.8.2\junit-platform-engine-1.8.2.jar;D:\Program Files\Apache\repository\org\mockito\mockito-core\4.0.0\mockito-core-4.0.0.jar;D:\Program Files\Apache\repository\net\bytebuddy\byte-buddy-agent\1.11.22\byte-buddy-agent-1.11.22.jar;D:\Program Files\Apache\repository\org\objenesis\objenesis\3.2\objenesis-3.2.jar;D:\Program Files\Apache\repository\org\mockito\mockito-junit-jupiter\4.0.0\mockito-junit-jupiter-4.0.0.jar;D:\Program Files\Apache\repository\org\skyscreamer\jsonassert\1.5.0\jsonassert-1.5.0.jar;D:\Program Files\Apache\repository\com\vaadin\external\google\android-json\0.0.20131108.vaadin1\android-json-0.0.20131108.vaadin1.jar;D:\Program Files\Apache\repository\org\springframework\spring-core\5.3.19\spring-core-5.3.19.jar;D:\Program Files\Apache\repository\org\springframework\spring-jcl\5.3.19\spring-jcl-5.3.19.jar;D:\Program Files\Apache\repository\org\springframework\spring-test\5.3.19\spring-test-5.3.19.jar;D:\Program Files\Apache\repository\org\xmlunit\xmlunit-core\2.8.4\xmlunit-core-2.8.4.jar;"/>
    <property name="sun.cpu.endian" value="little"/>
    <property name="user.home" value="C:\Users\Lenovo"/>
    <property name="user.language" value="zh"/>
    <property name="java.specification.vendor" value="Oracle Corporation"/>
    <property name="java.home" value="C:\Program Files\Java\jdk1.8.0_121\jre"/>
    <property name="basedir" value="F:\IdeaSpringBootProjects\blog"/>
    <property name="file.separator" value="\"/>
    <property name="line.separator" value="&#10;"/>
    <property name="java.vm.specification.vendor" value="Oracle Corporation"/>
    <property name="java.specification.name" value="Java Platform API Specification"/>
    <property name="java.awt.graphicsenv" value="sun.awt.Win32GraphicsEnvironment"/>
    <property name="surefire.real.class.path" value="C:\Users\Lenovo\AppData\Local\Temp\surefire2583330837587728236\surefirebooter3144975426411503936.jar"/>
    <property name="sun.boot.class.path" value="C:\Program Files\Java\jdk1.8.0_121\jre\lib\resources.jar;C:\Program Files\Java\jdk1.8.0_121\jre\lib\rt.jar;C:\Program Files\Java\jdk1.8.0_121\jre\lib\sunrsasign.jar;C:\Program Files\Java\jdk1.8.0_121\jre\lib\jsse.jar;C:\Program Files\Java\jdk1.8.0_121\jre\lib\jce.jar;C:\Program Files\Java\jdk1.8.0_121\jre\lib\charsets.jar;C:\Program Files\Java\jdk1.8.0_121\jre\lib\jfr.jar;C:\Program Files\Java\jdk1.8.0_121\jre\classes"/>
    <property name="user.script" value=""/>
    <property name="sun.management.compiler" value="HotSpot 64-Bit Tiered Compilers"/>
    <property name="java.runtime.version" value="1.8.0_121-b13"/>
    <property name="user.name" value="Lenovo"/>
    <property name="path.separator" value=";"/>
    <property name="os.version" value="10.0"/>
    <property name="java.endorsed.dirs" value="C:\Program Files\Java\jdk1.8.0_121\jre\lib\endorsed"/>
    <property name="java.runtime.name" value="Java(TM) SE Runtime Environment"/>
    <property name="file.encoding" value="GBK"/>
    <property name="java.vm.name" value="Java HotSpot(TM) 64-Bit Server VM"/>
    <property name="localRepository" value="D:\Program Files\Apache\repository"/>
    <property name="java.vendor.url.bug" value="http://bugreport.sun.com/bugreport/"/>
    <property name="java.io.tmpdir" value="C:\Users\Lenovo\AppData\Local\Temp\"/>
    <property name="java.version" value="1.8.0_121"/>
    <property name="user.dir" value="F:\IdeaSpringBootProjects\blog"/>
    <property name="os.arch" value="amd64"/>
    <property name="java.vm.specification.name" value="Java Virtual Machine Specification"/>
    <property name="java.awt.printerjob" value="sun.awt.windows.WPrinterJob"/>
    <property name="sun.os.patch.level" value=""/>
    <property name="idea.version2019.3.3" value="true"/>
    <property name="java.library.path" value="C:\Program Files\Java\jdk1.8.0_121\jre\bin;C:\WINDOWS\Sun\Java\bin;C:\WINDOWS\system32;C:\WINDOWS;D:\Program Files (x86)\vmware\bin\;D:\app\Lenovo\product\11.2.0\dbhome_1\bin;C:\Program Files (x86)\Common Files\Intel\Shared Libraries\redist\intel64\compiler;C:\Program Files\Java\jdk1.8.0_121bin;C:\Program Files\Java\jdk1.8.0_121\bin;C:\Windows\system32;C:\Windows;D:\JavaTools\tomcat\tomcat-9\bin;D:\JavaTools\tomcat\tomcat-9\lib;C:\Windows\System32\Wbem;C:\Windows\System32\WindowsPowerShell\v1.0\;C:\Windows\System32\OpenSSH\;C:\Program Files (x86)\NVIDIA Corporation\PhysX\Common;C:\Program Files\NVIDIA Corporation\NVIDIA NvDLISR;D:\VPN\bin;C:\TDM-GCC-64\bin;C:\Program Files (x86)\Microsoft SQL Server\100\Tools\Binn\;C:\Program Files\Microsoft SQL Server\100\Tools\Binn\;C:\Program Files\Microsoft SQL Server\100\DTS\Binn\;C:\WINDOWS\system32;C:\WINDOWS;C:\WINDOWS\System32\Wbem;C:\WINDOWS\System32\WindowsPowerShell\v1.0\;C:\WINDOWS\System32\OpenSSH\;D:\MySQLr\bin;C:\Program Files\Microsoft SQL Server\130\Tools\Binn\;C:\Program Files\Microsoft SQL Server\Client SDK\ODBC\170\Tools\Binn\;C:\WINDOWS\system32;C:\WINDOWS;C:\WINDOWS\System32\Wbem;C:\WINDOWS\System32\WindowsPowerShell\v1.0\;C:\WINDOWS\System32\OpenSSH\;C:\Program Files (x86)\Microsoft SQL Server\150\Tools\Binn\;C:\Program Files\Microsoft SQL Server\150\Tools\Binn\;C:\Program Files (x86)\Microsoft SQL Server\150\DTS\Binn\;C:\Program Files\Microsoft SQL Server\150\DTS\Binn\;C:\Program Files\Azure Data Studio\bin;C:\Program Files\dotnet\;C:\Program Files (x86)\dotnet\;D:\Microsoft VS Code\bin;D:\Rose\UMLRose\common;D:\Python;C:\Program Files (x86)\Microsoft\Edge\Application;D:\Program Files\Apache\apache-maven-3.8.4\bin;D:\Program Files (x86)\NetSarang\Xftp 7\;C:\Program Files\MySQL\MySQL Shell 8.0\bin\;D:\Python\Scripts\;D:\Python\;C:\Users\Lenovo\AppData\Local\Microsoft\WindowsApps;C:\Users\Lenovo\Desktop\bin;D:\Microsoft VS Code\bin;C:\Program Files\Azure Data Studio\bin;C:\Users\Lenovo\.dotnet\tools;C:\Program Files (x86)\Microsoft\Edge\Application;D:\Program Files\Apache\apache-maven-3.8.4\bin;C:\Program Files\MySQL\MySQL Server 8.0\bin;&quot;D:\Program Files\soft\Jmeter\apache-jmeter-5.5\lib\ext\ApacheJMeter_core.jar;D:\Program Files\soft\Jmeter\apache-jmeter-5.5\lib\jorphan.jar;D:\Program Files\soft\Jmeter\apache-jmeter-5.5\lib\logkit-2.0.jar;&quot;;D:\Program Files\soft\erlang\Erlang OTP\bin;;."/>
    <property name="java.vm.info" value="mixed mode"/>
    <property name="java.vendor" value="Oracle Corporation"/>
    <property name="java.vm.version" value="25.121-b13"/>
    <property name="java.ext.dirs" value="C:\Program Files\Java\jdk1.8.0_121\jre\lib\ext;C:\WINDOWS\Sun\Java\lib\ext"/>
    <property name="sun.io.unicode.encoding" value="UnicodeLittle"/>
    <property name="maven.repo.local" value="D:\Program Files\Apache\repository"/>
    <property name="java.class.version" value="52.0"/>
  </properties>
  <testcase name="com.wangdifu.blog.BlogApplicationTests" classname="com.wangdifu.blog.BlogApplicationTests" time="0.047">
    <error message="Unable to find a @SpringBootConfiguration, you need to use @ContextConfiguration or @SpringBootTest(classes=...) with your test" type="java.lang.IllegalStateException">java.lang.IllegalStateException: Unable to find a @SpringBootConfiguration, you need to use @ContextConfiguration or @SpringBootTest(classes=...) with your test
</error>
    <system-out><![CDATA[2022-10-16 00:44:27.103  INFO 21388 --- [           main] .b.t.c.SpringBootTestContextBootstrapper : Neither @ContextConfiguration nor @ContextHierarchy found for test class [com.wangdifu.blog.BlogApplicationTests], using SpringBootContextLoader
2022-10-16 00:44:27.103  INFO 21388 --- [           main] o.s.t.c.support.AbstractContextLoader    : Could not detect default resource locations for test class [com.wangdifu.blog.BlogApplicationTests]: no resource found for suffixes {-context.xml, Context.groovy}.
2022-10-16 00:44:27.103  INFO 21388 --- [           main] t.c.s.AnnotationConfigContextLoaderUtils : Could not detect default configuration classes for test class [com.wangdifu.blog.BlogApplicationTests]: BlogApplicationTests does not declare any static, non-private, non-final, nested classes annotated with @Configuration.
]]></system-out>
  </testcase>
</testsuite>